2022-09-26 20:59:05,612:INFO:PyCaret Supervised Module
2022-09-26 20:59:05,612:INFO:ML Usecase: clustering
2022-09-26 20:59:05,620:INFO:version 2.2.3
2022-09-26 20:59:05,620:INFO:Initializing setup()
2022-09-26 20:59:05,620:INFO:setup(target=None, ml_usecase=clustering, available_plots={'cluster': 'Cluster PCA Plot (2d)', 'tsne': 'Cluster TSnE (3d)', 'elbow': 'Elbow', 'silhouette': 'Silhouette', 'distance': 'Distance', 'distribution': 'Distribution'}, train_size=0.7, test_data=None, preprocess=True, imputation_type=simple, iterative_imputation_iters=5, categorical_features=None, categorical_imputation=mode, categorical_iterative_imputer=lightgbm, ordinal_features=None, high_cardinality_features=None, high_cardinality_method=frequency, numeric_features=None, numeric_imputation=mean, numeric_iterative_imputer=lightgbm, date_features=None, ignore_features=None, normalize=False, normalize_method=zscore, transformation=False, transformation_method=yeo-johnson, handle_unknown_categorical=True, unknown_categorical_method=least_frequent, pca=False, pca_method=linear, pca_components=None, ignore_low_variance=False, combine_rare_levels=False, rare_level_threshold=0.1, bin_numeric_features=None, remove_outliers=False, outliers_threshold=0.05, remove_multicollinearity=False, multicollinearity_threshold=0.9, remove_perfect_collinearity=False, create_clusters=False, cluster_iter=20, polynomial_features=False, polynomial_degree=2, trigonometry_features=False, polynomial_threshold=0.1, group_features=None, group_names=None, feature_selection=False, feature_selection_threshold=0.8, feature_selection_method=classic, feature_interaction=False, feature_ratio=False, interaction_threshold=0.01, fix_imbalance=False, fix_imbalance_method=None, transform_target=False, transform_target_method=box-cox, data_split_shuffle=False, data_split_stratify=False, fold_strategy=kfold, fold=10, fold_shuffle=False, fold_groups=None, n_jobs=-1, use_gpu=False, custom_pipeline=None, html=True, session_id=None, log_experiment=False, experiment_name=None, log_plots=False, log_profile=False, log_data=False, silent=False, verbose=True, profile=False, profile_kwargs=None, display=None)
2022-09-26 20:59:05,625:INFO:Checking environment
2022-09-26 20:59:05,625:INFO:python_version: 3.8.8
2022-09-26 20:59:05,625:INFO:python_build: ('default', 'Apr 13 2021 15:08:03')
2022-09-26 20:59:05,625:INFO:machine: AMD64
2022-09-26 20:59:05,625:INFO:platform: Windows-10-10.0.22000-SP0
2022-09-26 20:59:05,625:INFO:Memory: svmem(total=33685835776, available=19859943424, percent=41.0, used=13825892352, free=19859943424)
2022-09-26 20:59:05,625:INFO:Physical Core: 8
2022-09-26 20:59:05,625:INFO:Logical Core: 16
2022-09-26 20:59:05,625:INFO:Checking libraries
2022-09-26 20:59:05,625:INFO:pd==1.4.2
2022-09-26 20:59:05,625:INFO:numpy==1.23.1
2022-09-26 20:59:05,628:INFO:sklearn==1.1.1
2022-09-26 20:59:05,712:INFO:xgboost==1.6.1
2022-09-26 20:59:05,712:INFO:lightgbm==3.3.2
2022-09-26 20:59:05,839:INFO:catboost==1.0.4
2022-09-26 20:59:06,125:WARNING:mlflow not found
2022-09-26 20:59:06,125:INFO:Checking Exceptions
2022-09-26 20:59:06,125:INFO:Declaring global variables
2022-09-26 20:59:06,125:INFO:USI: 5a90
2022-09-26 20:59:06,125:INFO:pycaret_globals: {'_ml_usecase', '_gpu_n_jobs_param', '_all_models_internal', 'fold_groups_param', 'display_container', 'target_param', 'fix_imbalance_method_param', 'fix_imbalance_param', '_all_metrics', '_all_models', 'X', 'imputation_classifier', 'gpu_param', 'n_jobs_param', 'create_model_container', 'prep_pipe', '_internal_pipeline', 'seed', 'fold_param', 'transform_target_param', '_available_plots', 'html_param', 'USI', 'iterative_imputation_iters_param', 'data_before_preprocess', 'exp_name_log', 'imputation_regressor', 'transform_target_method_param', 'logging_param', 'master_model_container', 'fold_generator', 'log_plots_param', 'stratify_param', 'pycaret_globals', 'fold_shuffle_param', 'experiment__'}
2022-09-26 20:59:06,125:INFO:Preparing display monitor
2022-09-26 20:59:06,125:INFO:Preparing display monitor
2022-09-26 20:59:06,157:INFO:Importing libraries
2022-09-26 20:59:06,157:INFO:Copying data for preprocessing
2022-09-26 20:59:06,655:INFO:Declaring preprocessing parameters
2022-09-26 20:59:07,753:INFO:Creating preprocessing pipeline
2022-09-26 20:59:13,802:INFO:Preprocessing pipeline created successfully
2022-09-26 20:59:13,802:ERROR:(Process Exit): setup has been interupted with user command 'quit'. setup must rerun.
2022-09-26 20:59:13,802:INFO:Creating global containers
2022-09-26 21:00:09,243:INFO:PyCaret Supervised Module
2022-09-26 21:00:09,243:INFO:ML Usecase: clustering
2022-09-26 21:00:09,243:INFO:version 2.2.3
2022-09-26 21:00:09,243:INFO:Initializing setup()
2022-09-26 21:00:09,243:INFO:setup(target=None, ml_usecase=clustering, available_plots={'cluster': 'Cluster PCA Plot (2d)', 'tsne': 'Cluster TSnE (3d)', 'elbow': 'Elbow', 'silhouette': 'Silhouette', 'distance': 'Distance', 'distribution': 'Distribution'}, train_size=0.7, test_data=None, preprocess=True, imputation_type=simple, iterative_imputation_iters=5, categorical_features=None, categorical_imputation=mode, categorical_iterative_imputer=lightgbm, ordinal_features=None, high_cardinality_features=None, high_cardinality_method=frequency, numeric_features=None, numeric_imputation=mean, numeric_iterative_imputer=lightgbm, date_features=None, ignore_features=None, normalize=False, normalize_method=zscore, transformation=False, transformation_method=yeo-johnson, handle_unknown_categorical=True, unknown_categorical_method=least_frequent, pca=False, pca_method=linear, pca_components=None, ignore_low_variance=False, combine_rare_levels=False, rare_level_threshold=0.1, bin_numeric_features=None, remove_outliers=False, outliers_threshold=0.05, remove_multicollinearity=False, multicollinearity_threshold=0.9, remove_perfect_collinearity=False, create_clusters=False, cluster_iter=20, polynomial_features=False, polynomial_degree=2, trigonometry_features=False, polynomial_threshold=0.1, group_features=None, group_names=None, feature_selection=False, feature_selection_threshold=0.8, feature_selection_method=classic, feature_interaction=False, feature_ratio=False, interaction_threshold=0.01, fix_imbalance=False, fix_imbalance_method=None, transform_target=False, transform_target_method=box-cox, data_split_shuffle=False, data_split_stratify=False, fold_strategy=kfold, fold=10, fold_shuffle=False, fold_groups=None, n_jobs=-1, use_gpu=False, custom_pipeline=None, html=True, session_id=None, log_experiment=False, experiment_name=None, log_plots=False, log_profile=False, log_data=False, silent=False, verbose=True, profile=False, profile_kwargs=None, display=None)
2022-09-26 21:00:09,243:INFO:Checking environment
2022-09-26 21:00:09,243:INFO:python_version: 3.8.8
2022-09-26 21:00:09,243:INFO:python_build: ('default', 'Apr 13 2021 15:08:03')
2022-09-26 21:00:09,243:INFO:machine: AMD64
2022-09-26 21:00:09,243:INFO:platform: Windows-10-10.0.22000-SP0
2022-09-26 21:00:09,243:INFO:Memory: svmem(total=33685835776, available=19092545536, percent=43.3, used=14593290240, free=19092545536)
2022-09-26 21:00:09,243:INFO:Physical Core: 8
2022-09-26 21:00:09,243:INFO:Logical Core: 16
2022-09-26 21:00:09,243:INFO:Checking libraries
2022-09-26 21:00:09,243:INFO:pd==1.4.2
2022-09-26 21:00:09,243:INFO:numpy==1.23.1
2022-09-26 21:00:09,243:INFO:sklearn==1.1.1
2022-09-26 21:00:09,243:INFO:xgboost==1.6.1
2022-09-26 21:00:09,243:INFO:lightgbm==3.3.2
2022-09-26 21:00:09,243:INFO:catboost==1.0.4
2022-09-26 21:00:09,243:INFO:mlflow==1.28.0
2022-09-26 21:00:09,243:INFO:Checking Exceptions
2022-09-26 21:00:09,243:INFO:Declaring global variables
2022-09-26 21:00:09,243:INFO:USI: b4a8
2022-09-26 21:00:09,243:INFO:pycaret_globals: {'_ml_usecase', '_gpu_n_jobs_param', '_all_models_internal', 'fold_groups_param', 'display_container', 'target_param', 'fix_imbalance_method_param', 'fix_imbalance_param', '_all_metrics', '_all_models', 'X', 'imputation_classifier', 'gpu_param', 'n_jobs_param', 'create_model_container', 'prep_pipe', '_internal_pipeline', 'seed', 'fold_param', 'transform_target_param', '_available_plots', 'html_param', 'USI', 'iterative_imputation_iters_param', 'data_before_preprocess', 'exp_name_log', 'imputation_regressor', 'transform_target_method_param', 'logging_param', 'master_model_container', 'fold_generator', 'log_plots_param', 'stratify_param', 'pycaret_globals', 'fold_shuffle_param', 'experiment__'}
2022-09-26 21:00:09,243:INFO:Preparing display monitor
2022-09-26 21:00:09,243:INFO:Preparing display monitor
2022-09-26 21:00:09,267:INFO:Importing libraries
2022-09-26 21:00:09,267:INFO:Copying data for preprocessing
2022-09-26 21:00:10,145:INFO:Declaring preprocessing parameters
2022-09-26 21:00:11,266:INFO:Creating preprocessing pipeline
2022-09-26 21:00:17,223:INFO:Preprocessing pipeline created successfully
2022-09-26 21:00:17,223:ERROR:(Process Exit): setup has been interupted with user command 'quit'. setup must rerun.
2022-09-26 21:00:17,223:INFO:Creating global containers
2022-09-26 21:00:58,992:INFO:Initializing get_config()
2022-09-26 21:00:58,992:INFO:get_config(variable=X)
2022-09-26 21:01:42,172:INFO:Initializing create_model()
2022-09-26 21:01:42,172:INFO:create_model(estimator=kmeans, num_clusters=4, fraction=0.05, ground_truth=None, round=4, fit_kwargs=None, verbose=True, system=True, raise_num_clusters=False, display=None, kwargs={})
2022-09-26 21:01:42,172:INFO:Checking exceptions
2022-09-26 21:34:23,378:INFO:PyCaret Supervised Module
2022-09-26 21:34:23,378:INFO:ML Usecase: clustering
2022-09-26 21:34:23,378:INFO:version 2.3.10
2022-09-26 21:34:23,378:INFO:Initializing setup()
2022-09-26 21:34:23,378:INFO:setup(target=None, ml_usecase=clustering, available_plots={'cluster': 'Cluster PCA Plot (2d)', 'tsne': 'Cluster TSnE (3d)', 'elbow': 'Elbow', 'silhouette': 'Silhouette', 'distance': 'Distance', 'distribution': 'Distribution'}, train_size=0.7, test_data=None, preprocess=True, imputation_type=simple, iterative_imputation_iters=5, categorical_features=None, categorical_imputation=mode, categorical_iterative_imputer=lightgbm, ordinal_features=None, high_cardinality_features=None, high_cardinality_method=frequency, numeric_features=None, numeric_imputation=mean, numeric_iterative_imputer=lightgbm, date_features=None, ignore_features=None, normalize=False, normalize_method=zscore, transformation=False, transformation_method=yeo-johnson, handle_unknown_categorical=True, unknown_categorical_method=least_frequent, pca=False, pca_method=linear, pca_components=None, ignore_low_variance=False, combine_rare_levels=False, rare_level_threshold=0.1, bin_numeric_features=None, remove_outliers=False, outliers_threshold=0.05, remove_multicollinearity=False, multicollinearity_threshold=0.9, remove_perfect_collinearity=False, create_clusters=False, cluster_iter=20, polynomial_features=False, polynomial_degree=2, trigonometry_features=False, polynomial_threshold=0.1, group_features=None, group_names=None, feature_selection=False, feature_selection_threshold=0.8, feature_selection_method=classic, feature_interaction=False, feature_ratio=False, interaction_threshold=0.01, fix_imbalance=False, fix_imbalance_method=None, transform_target=False, transform_target_method=box-cox, data_split_shuffle=False, data_split_stratify=False, fold_strategy=kfold, fold=10, fold_shuffle=False, fold_groups=None, n_jobs=-1, use_gpu=False, custom_pipeline=None, html=True, session_id=None, log_experiment=False, experiment_name=None, experiment_custom_tags=None, log_plots=False, log_profile=False, log_data=False, silent=False, verbose=True, profile=False, profile_kwargs=None, display=None)
2022-09-26 21:34:23,378:INFO:Checking environment
2022-09-26 21:34:23,378:INFO:python_version: 3.8.13
2022-09-26 21:34:23,378:INFO:python_build: ('default', 'Mar 28 2022 06:59:08')
2022-09-26 21:34:23,378:INFO:machine: AMD64
2022-09-26 21:34:23,378:INFO:platform: Windows-10-10.0.22000-SP0
2022-09-26 21:34:23,378:INFO:Memory: svmem(total=33685835776, available=13389701120, percent=60.3, used=20296134656, free=13389701120)
2022-09-26 21:34:23,378:INFO:Physical Core: 8
2022-09-26 21:34:23,378:INFO:Logical Core: 16
2022-09-26 21:34:23,378:INFO:Checking libraries
2022-09-26 21:34:23,378:INFO:pd==1.4.4
2022-09-26 21:34:23,378:INFO:numpy==1.20.3
2022-09-26 21:34:23,378:INFO:sklearn==0.23.2
2022-09-26 21:34:23,378:INFO:lightgbm==3.3.2
2022-09-26 21:34:23,378:WARNING:catboost not found
2022-09-26 21:34:23,378:WARNING:xgboost not found
2022-09-26 21:34:23,378:INFO:mlflow==1.29.0
2022-09-26 21:34:23,378:INFO:Checking Exceptions
2022-09-26 21:34:23,378:INFO:Declaring global variables
2022-09-26 21:34:23,378:INFO:USI: 6382
2022-09-26 21:34:23,378:INFO:pycaret_globals: {'fold_groups_param_full', 'n_jobs_param', '_all_models', 'transform_target_method_param', 'stratify_param', 'log_plots_param', '_all_models_internal', 'html_param', 'transform_target_param', 'iterative_imputation_iters_param', 'dashboard_logger', 'fold_param', 'exp_name_log', 'fix_imbalance_method_param', 'master_model_container', 'target_param', 'logging_param', '_ml_usecase', 'fold_groups_param', 'fold_shuffle_param', '_available_plots', 'seed', 'create_model_container', 'pycaret_globals', 'X', 'fix_imbalance_param', 'fold_generator', 'display_container', 'gpu_param', 'prep_pipe', '_all_metrics', '_internal_pipeline', 'imputation_classifier', 'experiment__', '_gpu_n_jobs_param', 'imputation_regressor', 'data_before_preprocess', 'USI'}
2022-09-26 21:34:23,378:INFO:Preparing display monitor
2022-09-26 21:34:23,378:INFO:Preparing display monitor
2022-09-26 21:34:23,401:INFO:Importing libraries
2022-09-26 21:34:23,401:INFO:Copying data for preprocessing
2022-09-26 21:34:23,465:INFO:Declaring preprocessing parameters
2022-09-26 21:34:23,594:INFO:Creating preprocessing pipeline
2022-09-26 21:34:26,764:INFO:Preprocessing pipeline created successfully
2022-09-26 21:34:26,764:ERROR:(Process Exit): setup has been interupted with user command 'quit'. setup must rerun.
2022-09-26 21:34:26,764:INFO:Creating global containers
2022-09-26 21:34:26,764:INFO:Internal pipeline: Pipeline(memory=None, steps=[('empty_step', 'passthrough')], verbose=False)
2022-09-26 21:38:32,263:INFO:PyCaret Supervised Module
2022-09-26 21:38:32,263:INFO:ML Usecase: clustering
2022-09-26 21:38:32,263:INFO:version 2.3.10
2022-09-26 21:38:32,263:INFO:Initializing setup()
2022-09-26 21:38:32,263:INFO:setup(target=None, ml_usecase=clustering, available_plots={'cluster': 'Cluster PCA Plot (2d)', 'tsne': 'Cluster TSnE (3d)', 'elbow': 'Elbow', 'silhouette': 'Silhouette', 'distance': 'Distance', 'distribution': 'Distribution'}, train_size=0.7, test_data=None, preprocess=True, imputation_type=simple, iterative_imputation_iters=5, categorical_features=None, categorical_imputation=mode, categorical_iterative_imputer=lightgbm, ordinal_features=None, high_cardinality_features=None, high_cardinality_method=frequency, numeric_features=None, numeric_imputation=mean, numeric_iterative_imputer=lightgbm, date_features=None, ignore_features=None, normalize=False, normalize_method=zscore, transformation=False, transformation_method=yeo-johnson, handle_unknown_categorical=True, unknown_categorical_method=least_frequent, pca=False, pca_method=linear, pca_components=None, ignore_low_variance=False, combine_rare_levels=False, rare_level_threshold=0.1, bin_numeric_features=None, remove_outliers=False, outliers_threshold=0.05, remove_multicollinearity=False, multicollinearity_threshold=0.9, remove_perfect_collinearity=False, create_clusters=False, cluster_iter=20, polynomial_features=False, polynomial_degree=2, trigonometry_features=False, polynomial_threshold=0.1, group_features=None, group_names=None, feature_selection=False, feature_selection_threshold=0.8, feature_selection_method=classic, feature_interaction=False, feature_ratio=False, interaction_threshold=0.01, fix_imbalance=False, fix_imbalance_method=None, transform_target=False, transform_target_method=box-cox, data_split_shuffle=False, data_split_stratify=False, fold_strategy=kfold, fold=10, fold_shuffle=False, fold_groups=None, n_jobs=-1, use_gpu=False, custom_pipeline=None, html=True, session_id=None, log_experiment=False, experiment_name=None, experiment_custom_tags=None, log_plots=False, log_profile=False, log_data=False, silent=False, verbose=True, profile=False, profile_kwargs=None, display=None)
2022-09-26 21:38:32,263:INFO:Checking environment
2022-09-26 21:38:32,263:INFO:python_version: 3.8.13
2022-09-26 21:38:32,263:INFO:python_build: ('default', 'Mar 28 2022 06:59:08')
2022-09-26 21:38:32,263:INFO:machine: AMD64
2022-09-26 21:38:32,263:INFO:platform: Windows-10-10.0.22000-SP0
2022-09-26 21:38:32,263:INFO:Memory: svmem(total=33685835776, available=15684812800, percent=53.4, used=18001022976, free=15684812800)
2022-09-26 21:38:32,263:INFO:Physical Core: 8
2022-09-26 21:38:32,263:INFO:Logical Core: 16
2022-09-26 21:38:32,263:INFO:Checking libraries
2022-09-26 21:38:32,263:INFO:pd==1.4.4
2022-09-26 21:38:32,263:INFO:numpy==1.20.3
2022-09-26 21:38:32,263:INFO:sklearn==0.23.2
2022-09-26 21:38:32,263:INFO:lightgbm==3.3.2
2022-09-26 21:38:32,263:WARNING:catboost not found
2022-09-26 21:38:32,263:WARNING:xgboost not found
2022-09-26 21:38:32,263:INFO:mlflow==1.29.0
2022-09-26 21:38:32,263:INFO:Checking Exceptions
2022-09-26 21:38:32,263:INFO:Declaring global variables
2022-09-26 21:38:32,263:INFO:USI: 6935
2022-09-26 21:38:32,263:INFO:pycaret_globals: {'_internal_pipeline', 'X', 'data_before_preprocess', 'exp_name_log', 'transform_target_method_param', 'fold_groups_param', 'gpu_param', 'fix_imbalance_param', 'n_jobs_param', 'fold_shuffle_param', 'fold_param', 'fix_imbalance_method_param', 'seed', 'USI', 'display_container', '_ml_usecase', '_all_models', 'target_param', 'stratify_param', 'master_model_container', 'log_plots_param', 'logging_param', '_all_metrics', 'fold_groups_param_full', 'dashboard_logger', 'prep_pipe', '_gpu_n_jobs_param', 'imputation_regressor', 'transform_target_param', '_all_models_internal', 'fold_generator', 'pycaret_globals', 'imputation_classifier', 'iterative_imputation_iters_param', '_available_plots', 'html_param', 'create_model_container', 'experiment__'}
2022-09-26 21:38:32,263:INFO:Preparing display monitor
2022-09-26 21:38:32,273:INFO:Preparing display monitor
2022-09-26 21:38:32,280:INFO:Importing libraries
2022-09-26 21:38:32,280:INFO:Copying data for preprocessing
2022-09-26 21:38:32,330:INFO:Declaring preprocessing parameters
2022-09-26 21:38:32,485:INFO:Creating preprocessing pipeline
2022-09-26 21:38:35,656:INFO:Preprocessing pipeline created successfully
2022-09-26 21:38:35,656:ERROR:(Process Exit): setup has been interupted with user command 'quit'. setup must rerun.
2022-09-26 21:38:35,656:INFO:Creating global containers
2022-09-26 21:38:35,656:INFO:Internal pipeline: Pipeline(memory=None, steps=[('empty_step', 'passthrough')], verbose=False)
2022-09-26 21:42:22,032:INFO:PyCaret Supervised Module
2022-09-26 21:42:22,032:INFO:ML Usecase: clustering
2022-09-26 21:42:22,032:INFO:version 2.3.10
2022-09-26 21:42:22,032:INFO:Initializing setup()
2022-09-26 21:42:22,032:INFO:setup(target=None, ml_usecase=clustering, available_plots={'cluster': 'Cluster PCA Plot (2d)', 'tsne': 'Cluster TSnE (3d)', 'elbow': 'Elbow', 'silhouette': 'Silhouette', 'distance': 'Distance', 'distribution': 'Distribution'}, train_size=0.7, test_data=None, preprocess=True, imputation_type=simple, iterative_imputation_iters=5, categorical_features=None, categorical_imputation=mode, categorical_iterative_imputer=lightgbm, ordinal_features=None, high_cardinality_features=None, high_cardinality_method=frequency, numeric_features=None, numeric_imputation=mean, numeric_iterative_imputer=lightgbm, date_features=None, ignore_features=None, normalize=False, normalize_method=zscore, transformation=False, transformation_method=yeo-johnson, handle_unknown_categorical=True, unknown_categorical_method=least_frequent, pca=False, pca_method=linear, pca_components=None, ignore_low_variance=False, combine_rare_levels=False, rare_level_threshold=0.1, bin_numeric_features=None, remove_outliers=False, outliers_threshold=0.05, remove_multicollinearity=False, multicollinearity_threshold=0.9, remove_perfect_collinearity=False, create_clusters=False, cluster_iter=20, polynomial_features=False, polynomial_degree=2, trigonometry_features=False, polynomial_threshold=0.1, group_features=None, group_names=None, feature_selection=False, feature_selection_threshold=0.8, feature_selection_method=classic, feature_interaction=False, feature_ratio=False, interaction_threshold=0.01, fix_imbalance=False, fix_imbalance_method=None, transform_target=False, transform_target_method=box-cox, data_split_shuffle=False, data_split_stratify=False, fold_strategy=kfold, fold=10, fold_shuffle=False, fold_groups=None, n_jobs=-1, use_gpu=True, custom_pipeline=None, html=True, session_id=None, log_experiment=False, experiment_name=None, experiment_custom_tags=None, log_plots=False, log_profile=False, log_data=False, silent=False, verbose=True, profile=False, profile_kwargs=None, display=None)
2022-09-26 21:42:22,032:INFO:Checking environment
2022-09-26 21:42:22,032:INFO:python_version: 3.8.13
2022-09-26 21:42:22,032:INFO:python_build: ('default', 'Mar 28 2022 06:59:08')
2022-09-26 21:42:22,032:INFO:machine: AMD64
2022-09-26 21:42:22,032:INFO:platform: Windows-10-10.0.22000-SP0
2022-09-26 21:42:22,032:INFO:Memory: svmem(total=33685835776, available=16157831168, percent=52.0, used=17528004608, free=16157831168)
2022-09-26 21:42:22,032:INFO:Physical Core: 8
2022-09-26 21:42:22,032:INFO:Logical Core: 16
2022-09-26 21:42:22,032:INFO:Checking libraries
2022-09-26 21:42:22,032:INFO:pd==1.4.4
2022-09-26 21:42:22,032:INFO:numpy==1.20.3
2022-09-26 21:42:22,032:INFO:sklearn==0.23.2
2022-09-26 21:42:22,032:INFO:lightgbm==3.3.2
2022-09-26 21:42:22,032:WARNING:catboost not found
2022-09-26 21:42:22,032:WARNING:xgboost not found
2022-09-26 21:42:22,032:INFO:mlflow==1.29.0
2022-09-26 21:42:22,032:INFO:Checking Exceptions
2022-09-26 21:42:22,032:INFO:Declaring global variables
2022-09-26 21:42:22,032:INFO:USI: 26f9
2022-09-26 21:42:22,032:INFO:pycaret_globals: {'gpu_param', '_all_models', '_available_plots', 'master_model_container', 'fix_imbalance_param', '_gpu_n_jobs_param', '_internal_pipeline', 'fold_shuffle_param', '_all_models_internal', 'X', '_all_metrics', 'exp_name_log', 'logging_param', 'pycaret_globals', 'fix_imbalance_method_param', 'experiment__', 'log_plots_param', 'transform_target_param', 'data_before_preprocess', 'prep_pipe', 'display_container', 'create_model_container', 'imputation_regressor', 'fold_generator', 'html_param', 'n_jobs_param', '_ml_usecase', 'seed', 'iterative_imputation_iters_param', 'stratify_param', 'imputation_classifier', 'fold_groups_param', 'dashboard_logger', 'USI', 'target_param', 'transform_target_method_param', 'fold_param', 'fold_groups_param_full'}
2022-09-26 21:42:22,032:INFO:Preparing display monitor
2022-09-26 21:42:22,032:INFO:Preparing display monitor
2022-09-26 21:42:22,052:INFO:Importing libraries
2022-09-26 21:42:22,052:INFO:Copying data for preprocessing
2022-09-26 21:42:22,099:INFO:Declaring preprocessing parameters
2022-09-26 21:42:22,099:WARNING:cuML not found
2022-09-26 21:42:22,099:WARNING:cuML is outdated or not found. Required version is >=0.15, got 3.3.2
2022-09-26 21:42:22,246:INFO:Creating preprocessing pipeline
2022-09-26 21:42:25,349:INFO:Preprocessing pipeline created successfully
2022-09-26 21:42:25,349:ERROR:(Process Exit): setup has been interupted with user command 'quit'. setup must rerun.
2022-09-26 21:42:25,349:INFO:Creating global containers
2022-09-26 21:42:25,364:INFO:Internal pipeline: Pipeline(memory=None, steps=[('empty_step', 'passthrough')], verbose=False)
2022-09-26 21:46:53,503:INFO:PyCaret Supervised Module
2022-09-26 21:46:53,504:INFO:ML Usecase: clustering
2022-09-26 21:46:53,504:INFO:version 2.3.10
2022-09-26 21:46:53,504:INFO:Initializing setup()
2022-09-26 21:46:53,504:INFO:setup(target=None, ml_usecase=clustering, available_plots={'cluster': 'Cluster PCA Plot (2d)', 'tsne': 'Cluster TSnE (3d)', 'elbow': 'Elbow', 'silhouette': 'Silhouette', 'distance': 'Distance', 'distribution': 'Distribution'}, train_size=0.7, test_data=None, preprocess=True, imputation_type=simple, iterative_imputation_iters=5, categorical_features=None, categorical_imputation=mode, categorical_iterative_imputer=lightgbm, ordinal_features=None, high_cardinality_features=None, high_cardinality_method=frequency, numeric_features=None, numeric_imputation=mean, numeric_iterative_imputer=lightgbm, date_features=None, ignore_features=None, normalize=False, normalize_method=zscore, transformation=False, transformation_method=yeo-johnson, handle_unknown_categorical=True, unknown_categorical_method=least_frequent, pca=False, pca_method=linear, pca_components=None, ignore_low_variance=False, combine_rare_levels=False, rare_level_threshold=0.1, bin_numeric_features=None, remove_outliers=False, outliers_threshold=0.05, remove_multicollinearity=False, multicollinearity_threshold=0.9, remove_perfect_collinearity=False, create_clusters=False, cluster_iter=20, polynomial_features=False, polynomial_degree=2, trigonometry_features=False, polynomial_threshold=0.1, group_features=None, group_names=None, feature_selection=False, feature_selection_threshold=0.8, feature_selection_method=classic, feature_interaction=False, feature_ratio=False, interaction_threshold=0.01, fix_imbalance=False, fix_imbalance_method=None, transform_target=False, transform_target_method=box-cox, data_split_shuffle=False, data_split_stratify=False, fold_strategy=kfold, fold=10, fold_shuffle=False, fold_groups=None, n_jobs=-1, use_gpu=True, custom_pipeline=None, html=True, session_id=None, log_experiment=False, experiment_name=None, experiment_custom_tags=None, log_plots=False, log_profile=False, log_data=False, silent=False, verbose=True, profile=False, profile_kwargs=None, display=None)
2022-09-26 21:46:53,504:INFO:Checking environment
2022-09-26 21:46:53,504:INFO:python_version: 3.8.13
2022-09-26 21:46:53,504:INFO:python_build: ('default', 'Mar 28 2022 06:59:08')
2022-09-26 21:46:53,505:INFO:machine: AMD64
2022-09-26 21:46:53,505:INFO:platform: Windows-10-10.0.22000-SP0
2022-09-26 21:46:53,505:INFO:Memory: svmem(total=33685835776, available=15997493248, percent=52.5, used=17688342528, free=15997493248)
2022-09-26 21:46:53,505:INFO:Physical Core: 8
2022-09-26 21:46:53,505:INFO:Logical Core: 16
2022-09-26 21:46:53,505:INFO:Checking libraries
2022-09-26 21:46:53,505:INFO:pd==1.4.4
2022-09-26 21:46:53,505:INFO:numpy==1.20.3
2022-09-26 21:46:53,505:INFO:sklearn==0.23.2
2022-09-26 21:46:53,505:INFO:lightgbm==3.3.2
2022-09-26 21:46:53,506:WARNING:catboost not found
2022-09-26 21:46:53,506:WARNING:xgboost not found
2022-09-26 21:46:53,506:INFO:mlflow==1.29.0
2022-09-26 21:46:53,506:INFO:Checking Exceptions
2022-09-26 21:46:53,506:INFO:Declaring global variables
2022-09-26 21:46:53,506:INFO:USI: 08c4
2022-09-26 21:46:53,506:INFO:pycaret_globals: {'dashboard_logger', 'fold_param', 'experiment__', 'USI', 'exp_name_log', 'fix_imbalance_param', 'gpu_param', '_gpu_n_jobs_param', 'iterative_imputation_iters_param', 'create_model_container', 'master_model_container', 'transform_target_param', '_ml_usecase', 'fold_groups_param_full', '_all_metrics', 'prep_pipe', 'pycaret_globals', 'transform_target_method_param', 'n_jobs_param', 'fold_generator', 'imputation_classifier', 'html_param', 'imputation_regressor', 'display_container', 'data_before_preprocess', '_all_models', 'target_param', 'seed', 'fold_groups_param', 'stratify_param', '_all_models_internal', 'fix_imbalance_method_param', 'fold_shuffle_param', 'X', '_internal_pipeline', 'logging_param', 'log_plots_param', '_available_plots'}
2022-09-26 21:46:53,506:INFO:Preparing display monitor
2022-09-26 21:46:53,506:INFO:Preparing display monitor
2022-09-26 21:46:53,519:INFO:Importing libraries
2022-09-26 21:46:53,519:INFO:Copying data for preprocessing
2022-09-26 21:46:53,569:INFO:Declaring preprocessing parameters
2022-09-26 21:46:53,569:WARNING:cuML not found
2022-09-26 21:46:53,569:WARNING:cuML is outdated or not found. Required version is >=0.15, got 3.3.2
2022-09-26 21:46:53,731:INFO:Creating preprocessing pipeline
2022-09-26 21:46:56,818:INFO:Preprocessing pipeline created successfully
2022-09-26 21:46:56,818:ERROR:(Process Exit): setup has been interupted with user command 'quit'. setup must rerun.
2022-09-26 21:46:56,818:INFO:Creating global containers
2022-09-26 21:46:56,818:INFO:Internal pipeline: Pipeline(memory=None, steps=[('empty_step', 'passthrough')], verbose=False)
2022-09-27 03:26:43,881:WARNING:Couldn't import cuml.cluster.KMeans
2022-09-27 03:26:43,912:WARNING:Couldn't import cuml.cluster.DBSCAN
2022-09-27 03:26:43,975:WARNING:Couldn't import cuml.cluster.KMeans
2022-09-27 03:26:43,975:WARNING:Couldn't import cuml.cluster.DBSCAN
2022-09-27 03:26:43,975:INFO:Creating grid variables
2022-09-27 03:26:46,412:INFO:create_model_container: 0
2022-09-27 03:26:46,412:INFO:master_model_container: 0
2022-09-27 03:26:46,412:INFO:display_container: 1
2022-09-27 03:26:46,428:INFO:Pipeline(memory=None,
         steps=[('dtypes',
                 DataTypes_Auto_infer(categorical_features=[],
                                      display_types=True, features_todrop=[],
                                      id_columns=['Unnamed: 0'],
                                      ml_usecase='regression',
                                      numerical_features=[],
                                      target='UNSUPERVISED_DUMMY_TARGET',
                                      time_features=[])),
                ('imputer',
                 Simple_Imputer(categorical_strategy='most frequent',
                                fill_value_categorical=None,
                                fill_value_num...
                ('scaling', 'passthrough'), ('P_transform', 'passthrough'),
                ('binn', 'passthrough'), ('rem_outliers', 'passthrough'),
                ('cluster_all', 'passthrough'),
                ('dummy', Dummify(target='UNSUPERVISED_DUMMY_TARGET')),
                ('fix_perfect', 'passthrough'),
                ('clean_names', Clean_Colum_Names()),
                ('feature_select', 'passthrough'), ('fix_multi', 'passthrough'),
                ('dfs', 'passthrough'), ('pca', 'passthrough')],
         verbose=False)
2022-09-27 03:26:46,428:INFO:setup() succesfully completed......................................
2022-09-27 07:48:35,800:INFO:gpu_param set to True
2022-09-27 07:48:35,802:WARNING:Couldn't import cuml.cluster.KMeans
2022-09-27 07:48:35,802:WARNING:Couldn't import cuml.cluster.DBSCAN
2022-09-27 07:48:39,753:INFO:Initializing create_model()
2022-09-27 07:48:39,754:INFO:create_model(estimator=kmeans, num_clusters=4, fraction=0.05, ground_truth=None, round=4, fit_kwargs=None, verbose=True, system=True, add_to_model_list=True, raise_num_clusters=False, experiment_custom_tags=None, display=None, kwargs={})
2022-09-27 07:48:39,754:INFO:Checking exceptions
2022-09-27 07:48:39,754:INFO:Preparing display monitor
2022-09-27 07:48:39,769:INFO:Importing libraries
2022-09-27 07:48:39,769:INFO:Importing untrained model
2022-09-27 07:48:39,785:INFO:K-Means Clustering Imported succesfully
2022-09-27 07:48:39,785:INFO:Fitting Model
